<?xml version="1.0" encoding="UTF-8"?>
<testsuite xmlns:xsi="http://www.w3.org/2001/XMLSchema-instance" xsi:noNamespaceSchemaLocation="https://maven.apache.org/surefire/maven-surefire-plugin/xsd/surefire-test-report-3.0.xsd" version="3.0" name="co.unicauca.parcial.servicio.MedicoServiceTest" time="0.053" tests="13" errors="0" skipped="0" failures="0">
  <properties>
[...]
</properties>
  <testcase name="testListarMedicosVacio" classname="co.unicauca.parcial.servicio.MedicoServiceTest" time="0.018"/>
  <testcase name="testActualizarMedicoNulo" classname="co.unicauca.parcial.servicio.MedicoServiceTest" time="0.001"/>
  <testcase name="testEliminarMedicoInexistente" classname="co.unicauca.parcial.servicio.MedicoServiceTest" time="0.002"/>
  <testcase name="testListarMedicos" classname="co.unicauca.parcial.servicio.MedicoServiceTest" time="0.002"/>
  <testcase name="testEliminarConIdInvalido" classname="co.unicauca.parcial.servicio.MedicoServiceTest" time="0.0"/>
  <testcase name="testCrearMedicoConIdInvalido" classname="co.unicauca.parcial.servicio.MedicoServiceTest" time="0.0"/>
  <testcase name="testCrearMedicoConDatosNulos" classname="co.unicauca.parcial.servicio.MedicoServiceTest" time="0.001"/>
  <testcase name="testBuscarMedicoExistente" classname="co.unicauca.parcial.servicio.MedicoServiceTest" time="0.001"/>
  <testcase name="testBuscarMedicoInexistente" classname="co.unicauca.parcial.servicio.MedicoServiceTest" time="0.0"/>
  <testcase name="testActualizarTipoYEstado" classname="co.unicauca.parcial.servicio.MedicoServiceTest" time="0.0"/>
  <testcase name="testActualizarMedicoInexistente" classname="co.unicauca.parcial.servicio.MedicoServiceTest" time="0.001"/>
  <testcase name="testCrearMedicoExitosamente" classname="co.unicauca.parcial.servicio.MedicoServiceTest" time="0.001"/>
  <testcase name="testEliminarMedicoPorId" classname="co.unicauca.parcial.servicio.MedicoServiceTest" time="0.001"/>
</testsuite>